# JRE version: OpenJDK Runtime Environment (8.0_242) (build 1.8.0_242-release-1644-b3-6222593)
# Java VM: OpenJDK 64-Bit Server VM (25.242-b3-6222593 mixed mode linux-amd64 compressed oops)
Heap:
 PSYoungGen      total 209408K, used 16798K [0x00000000e0000000, 0x00000000f1a00000, 0x0000000100000000)
  eden space 188416K, 0% used [0x00000000e0000000,0x00000000e0000000,0x00000000eb800000)
  from space 20992K, 80% used [0x00000000eb800000,0x00000000ec867af8,0x00000000ecc80000)
  to   space 22016K, 0% used [0x00000000f0480000,0x00000000f0480000,0x00000000f1a00000)
 ParOldGen       total 137728K, used 24865K [0x00000000a0000000, 0x00000000a8680000, 0x00000000e0000000)
  object space 137728K, 18% used [0x00000000a0000000,0x00000000a1848538,0x00000000a8680000)
 Metaspace       used 56892K, capacity 59088K, committed 59160K, reserved 1099776K
  class space    used 7723K, capacity 8210K, committed 8240K, reserved 1048576K
GC Heap History (10 events):
Event: 11,929 GC heap after
Heap after GC invocations=7 (full 1):
 PSYoungGen      total 155648K, used 10836K [0x00000000e0000000, 0x00000000ea700000, 0x0000000100000000)
  eden space 142336K, 0% used [0x00000000e0000000,0x00000000e0000000,0x00000000e8b00000)
  from space 13312K, 81% used [0x00000000e9880000,0x00000000ea315190,0x00000000ea580000)
  to   space 13824K, 0% used [0x00000000e8b00000,0x00000000e8b00000,0x00000000e9880000)
 ParOldGen       total 86528K, used 12971K [0x00000000a0000000, 0x00000000a5480000, 0x00000000e0000000)
  object space 86528K, 14% used [0x00000000a0000000,0x00000000a0caad50,0x00000000a5480000)
 Metaspace       used 34338K, capacity 35400K, committed 35496K, reserved 1079296K
  class space    used 4676K, capacity 4945K, committed 5040K, reserved 1048576K
}
Event: 11,929 GC heap before
{Heap before GC invocations=8 (full 2):
 PSYoungGen      total 155648K, used 10836K [0x00000000e0000000, 0x00000000ea700000, 0x0000000100000000)
  eden space 142336K, 0% used [0x00000000e0000000,0x00000000e0000000,0x00000000e8b00000)
  from space 13312K, 81% used [0x00000000e9880000,0x00000000ea315190,0x00000000ea580000)
  to   space 13824K, 0% used [0x00000000e8b00000,0x00000000e8b00000,0x00000000e9880000)
 ParOldGen       total 86528K, used 12971K [0x00000000a0000000, 0x00000000a5480000, 0x00000000e0000000)
  object space 86528K, 14% used [0x00000000a0000000,0x00000000a0caad50,0x00000000a5480000)
 Metaspace       used 34338K, capacity 35400K, committed 35496K, reserved 1079296K
  class space    used 4676K, capacity 4945K, committed 5040K, reserved 1048576K
Event: 12,389 GC heap after
Heap after GC invocations=8 (full 2):
 PSYoungGen      total 155648K, used 0K [0x00000000e0000000, 0x00000000ea700000, 0x0000000100000000)
  eden space 142336K, 0% used [0x00000000e0000000,0x00000000e0000000,0x00000000e8b00000)
  from space 13312K, 0% used [0x00000000e9880000,0x00000000e9880000,0x00000000ea580000)
  to   space 13824K, 0% used [0x00000000e8b00000,0x00000000e8b00000,0x00000000e9880000)
 ParOldGen       total 137728K, used 17507K [0x00000000a0000000, 0x00000000a8680000, 0x00000000e0000000)
  object space 137728K, 12% used [0x00000000a0000000,0x00000000a1118fc0,0x00000000a8680000)
 Metaspace       used 34338K, capacity 35400K, committed 35496K, reserved 1079296K
  class space    used 4676K, capacity 4945K, committed 5040K, reserved 1048576K
}
Event: 17,679 GC heap before
{Heap before GC invocations=9 (full 2):
 PSYoungGen      total 155648K, used 142336K [0x00000000e0000000, 0x00000000ea700000, 0x0000000100000000)
  eden space 142336K, 100% used [0x00000000e0000000,0x00000000e8b00000,0x00000000e8b00000)
  from space 13312K, 0% used [0x00000000e9880000,0x00000000e9880000,0x00000000ea580000)
  to   space 13824K, 0% used [0x00000000e8b00000,0x00000000e8b00000,0x00000000e9880000)
 ParOldGen       total 137728K, used 17507K [0x00000000a0000000, 0x00000000a8680000, 0x00000000e0000000)
  object space 137728K, 12% used [0x00000000a0000000,0x00000000a1118fc0,0x00000000a8680000)
 Metaspace       used 44887K, capacity 46650K, committed 46760K, reserved 1089536K
  class space    used 6086K, capacity 6482K, committed 6576K, reserved 1048576K
Event: 17,740 GC heap after
Heap after GC invocations=9 (full 2):
 PSYoungGen      total 156160K, used 13815K [0x00000000e0000000, 0x00000000edc00000, 0x0000000100000000)
  eden space 142336K, 0% used [0x00000000e0000000,0x00000000e0000000,0x00000000e8b00000)
  from space 13824K, 99% used [0x00000000e8b00000,0x00000000e987deb8,0x00000000e9880000)
  to   space 15872K, 0% used [0x00000000ecc80000,0x00000000ecc80000,0x00000000edc00000)
 ParOldGen       total 137728K, used 17657K [0x00000000a0000000, 0x00000000a8680000, 0x00000000e0000000)
  object space 137728K, 12% used [0x00000000a0000000,0x00000000a113e498,0x00000000a8680000)
 Metaspace       used 44887K, capacity 46650K, committed 46760K, reserved 1089536K
  class space    used 6086K, capacity 6482K, committed 6576K, reserved 1048576K
}
Event: 22,734 GC heap before
{Heap before GC invocations=10 (full 2):
 PSYoungGen      total 156160K, used 156151K [0x00000000e0000000, 0x00000000edc00000, 0x0000000100000000)
  eden space 142336K, 100% used [0x00000000e0000000,0x00000000e8b00000,0x00000000e8b00000)
  from space 13824K, 99% used [0x00000000e8b00000,0x00000000e987deb8,0x00000000e9880000)
  to   space 15872K, 0% used [0x00000000ecc80000,0x00000000ecc80000,0x00000000edc00000)
 ParOldGen       total 137728K, used 17657K [0x00000000a0000000, 0x00000000a8680000, 0x00000000e0000000)
  object space 137728K, 12% used [0x00000000a0000000,0x00000000a113e498,0x00000000a8680000)
 Metaspace       used 55855K, capacity 58030K, committed 58280K, reserved 1099776K
  class space    used 7580K, capacity 8057K, committed 8112K, reserved 1048576K
Event: 22,802 GC heap after
Heap after GC invocations=10 (full 2):
 PSYoungGen      total 204288K, used 15855K [0x00000000e0000000, 0x00000000ee180000, 0x0000000100000000)
  eden space 188416K, 0% used [0x00000000e0000000,0x00000000e0000000,0x00000000eb800000)
  from space 15872K, 99% used [0x00000000ecc80000,0x00000000edbfbc08,0x00000000edc00000)
  to   space 20992K, 0% used [0x00000000eb800000,0x00000000eb800000,0x00000000ecc80000)
 ParOldGen       total 137728K, used 24857K [0x00000000a0000000, 0x00000000a8680000, 0x00000000e0000000)
  object space 137728K, 18% used [0x00000000a0000000,0x00000000a1846538,0x00000000a8680000)
 Metaspace       used 55855K, capacity 58030K, committed 58280K, reserved 1099776K
  class space    used 7580K, capacity 8057K, committed 8112K, reserved 1048576K
}
Event: 23,436 GC heap before
{Heap before GC invocations=11 (full 2):
 PSYoungGen      total 204288K, used 30003K [0x00000000e0000000, 0x00000000ee180000, 0x0000000100000000)
  eden space 188416K, 7% used [0x00000000e0000000,0x00000000e0dd1380,0x00000000eb800000)
  from space 15872K, 99% used [0x00000000ecc80000,0x00000000edbfbc08,0x00000000edc00000)
  to   space 20992K, 0% used [0x00000000eb800000,0x00000000eb800000,0x00000000ecc80000)
 ParOldGen       total 137728K, used 24857K [0x00000000a0000000, 0x00000000a8680000, 0x00000000e0000000)
  object space 137728K, 18% used [0x00000000a0000000,0x00000000a1846538,0x00000000a8680000)
 Metaspace       used 56892K, capacity 59088K, committed 59160K, reserved 1099776K
  class space    used 7723K, capacity 8210K, committed 8240K, reserved 1048576K
Event: 23,530 GC heap after
Heap after GC invocations=11 (full 2):
 PSYoungGen      total 209408K, used 16798K [0x00000000e0000000, 0x00000000f1a00000, 0x0000000100000000)
  eden space 188416K, 0% used [0x00000000e0000000,0x00000000e0000000,0x00000000eb800000)
  from space 20992K, 80% used [0x00000000eb800000,0x00000000ec867af8,0x00000000ecc80000)
  to   space 22016K, 0% used [0x00000000f0480000,0x00000000f0480000,0x00000000f1a00000)
 ParOldGen       total 137728K, used 24865K [0x00000000a0000000, 0x00000000a8680000, 0x00000000e0000000)
  object space 137728K, 18% used [0x00000000a0000000,0x00000000a1848538,0x00000000a8680000)
 Metaspace       used 56892K, capacity 59088K, committed 59160K, reserved 1099776K
  class space    used 7723K, capacity 8210K, committed 8240K, reserved 1048576K
}
Event: 23,530 GC heap before
{Heap before GC invocations=12 (full 3):
 PSYoungGen      total 209408K, used 16798K [0x00000000e0000000, 0x00000000f1a00000, 0x0000000100000000)
  eden space 188416K, 0% used [0x00000000e0000000,0x00000000e0000000,0x00000000eb800000)
  from space 20992K, 80% used [0x00000000eb800000,0x00000000ec867af8,0x00000000ecc80000)
  to   space 22016K, 0% used [0x00000000f0480000,0x00000000f0480000,0x00000000f1a00000)
 ParOldGen       total 137728K, used 24865K [0x00000000a0000000, 0x00000000a8680000, 0x00000000e0000000)
  object space 137728K, 18% used [0x00000000a0000000,0x00000000a1848538,0x00000000a8680000)
 Metaspace       used 56892K, capacity 59088K, committed 59160K, reserved 1099776K
  class space    used 7723K, capacity 8210K, committed 8240K, reserved 1048576K

