# JRE version: OpenJDK Runtime Environment (8.0_242) (build 1.8.0_242-release-1644-b3-6222593)
# Java VM: OpenJDK 64-Bit Server VM (25.242-b3-6222593 mixed mode linux-amd64 compressed oops)
Heap:
 PSYoungGen      total 449536K, used 240590K [0x00000000e0000000, 0x0000000100000000, 0x0000000100000000)
  eden space 374784K, 44% used [0x00000000e0000000,0x00000000ea1f77f0,0x00000000f6e00000)
  from space 74752K, 99% used [0x00000000f6e00000,0x00000000fb6fc2b8,0x00000000fb700000)
  to   space 74752K, 0% used [0x00000000fb700000,0x00000000fb700000,0x0000000100000000)
 ParOldGen       total 325632K, used 211712K [0x00000000a0000000, 0x00000000b3e00000, 0x00000000e0000000)
  object space 325632K, 65% used [0x00000000a0000000,0x00000000acec0160,0x00000000b3e00000)
 Metaspace       used 114344K, capacity 119384K, committed 119768K, reserved 1153024K
  class space    used 14789K, capacity 15746K, committed 15872K, reserved 1048576K
GC Heap History (10 events):
Event: 21,863 GC heap before
{Heap before GC invocations=15 (full 3):
 PSYoungGen      total 378368K, used 378360K [0x00000000e0000000, 0x00000000fef80000, 0x0000000100000000)
  eden space 353792K, 100% used [0x00000000e0000000,0x00000000f5980000,0x00000000f5980000)
  from space 24576K, 99% used [0x00000000f5980000,0x00000000f717e3c8,0x00000000f7180000)
  to   space 36864K, 0% used [0x00000000fcb80000,0x00000000fcb80000,0x00000000fef80000)
 ParOldGen       total 163840K, used 67372K [0x00000000a0000000, 0x00000000aa000000, 0x00000000e0000000)
  object space 163840K, 41% used [0x00000000a0000000,0x00000000a41cb3f8,0x00000000aa000000)
 Metaspace       used 83065K, capacity 87616K, committed 87896K, reserved 1124352K
  class space    used 11526K, capacity 12362K, committed 12416K, reserved 1048576K
Event: 21,982 GC heap after
Heap after GC invocations=15 (full 3):
 PSYoungGen      total 429056K, used 36852K [0x00000000e0000000, 0x0000000100000000, 0x0000000100000000)
  eden space 392192K, 0% used [0x00000000e0000000,0x00000000e0000000,0x00000000f7f00000)
  from space 36864K, 99% used [0x00000000fcb80000,0x00000000fef7d230,0x00000000fef80000)
  to   space 66048K, 0% used [0x00000000f7f00000,0x00000000f7f00000,0x00000000fbf80000)
 ParOldGen       total 163840K, used 131231K [0x00000000a0000000, 0x00000000aa000000, 0x00000000e0000000)
  object space 163840K, 80% used [0x00000000a0000000,0x00000000a8027da8,0x00000000aa000000)
 Metaspace       used 83065K, capacity 87616K, committed 87896K, reserved 1124352K
  class space    used 11526K, capacity 12362K, committed 12416K, reserved 1048576K
}
Event: 21,982 GC heap before
{Heap before GC invocations=16 (full 4):
 PSYoungGen      total 429056K, used 36852K [0x00000000e0000000, 0x0000000100000000, 0x0000000100000000)
  eden space 392192K, 0% used [0x00000000e0000000,0x00000000e0000000,0x00000000f7f00000)
  from space 36864K, 99% used [0x00000000fcb80000,0x00000000fef7d230,0x00000000fef80000)
  to   space 66048K, 0% used [0x00000000f7f00000,0x00000000f7f00000,0x00000000fbf80000)
 ParOldGen       total 163840K, used 131231K [0x00000000a0000000, 0x00000000aa000000, 0x00000000e0000000)
  object space 163840K, 80% used [0x00000000a0000000,0x00000000a8027da8,0x00000000aa000000)
 Metaspace       used 83065K, capacity 87616K, committed 87896K, reserved 1124352K
  class space    used 11526K, capacity 12362K, committed 12416K, reserved 1048576K
Event: 22,468 GC heap after
Heap after GC invocations=16 (full 4):
 PSYoungGen      total 429056K, used 0K [0x00000000e0000000, 0x0000000100000000, 0x0000000100000000)
  eden space 392192K, 0% used [0x00000000e0000000,0x00000000e0000000,0x00000000f7f00000)
  from space 36864K, 0% used [0x00000000fcb80000,0x00000000fcb80000,0x00000000fef80000)
  to   space 66048K, 0% used [0x00000000f7f00000,0x00000000f7f00000,0x00000000fbf80000)
 ParOldGen       total 325632K, used 131938K [0x00000000a0000000, 0x00000000b3e00000, 0x00000000e0000000)
  object space 325632K, 40% used [0x00000000a0000000,0x00000000a80d89e8,0x00000000b3e00000)
 Metaspace       used 82956K, capacity 87306K, committed 87896K, reserved 1124352K
  class space    used 11491K, capacity 12301K, committed 12416K, reserved 1048576K
}
Event: 27,461 GC heap before
{Heap before GC invocations=17 (full 4):
 PSYoungGen      total 429056K, used 389953K [0x00000000e0000000, 0x0000000100000000, 0x0000000100000000)
  eden space 392192K, 99% used [0x00000000e0000000,0x00000000f7cd0708,0x00000000f7f00000)
  from space 36864K, 0% used [0x00000000fcb80000,0x00000000fcb80000,0x00000000fef80000)
  to   space 66048K, 0% used [0x00000000f7f00000,0x00000000f7f00000,0x00000000fbf80000)
 ParOldGen       total 325632K, used 131938K [0x00000000a0000000, 0x00000000b3e00000, 0x00000000e0000000)
  object space 325632K, 40% used [0x00000000a0000000,0x00000000a80d89e8,0x00000000b3e00000)
 Metaspace       used 84674K, capacity 89242K, committed 89304K, reserved 1126400K
  class space    used 11664K, capacity 12503K, committed 12544K, reserved 1048576K
Event: 27,534 GC heap after
Heap after GC invocations=17 (full 4):
 PSYoungGen      total 458240K, used 66035K [0x00000000e0000000, 0x0000000100000000, 0x0000000100000000)
  eden space 392192K, 0% used [0x00000000e0000000,0x00000000e0000000,0x00000000f7f00000)
  from space 66048K, 99% used [0x00000000f7f00000,0x00000000fbf7cc90,0x00000000fbf80000)
  to   space 66048K, 0% used [0x00000000fbf80000,0x00000000fbf80000,0x0000000100000000)
 ParOldGen       total 325632K, used 132269K [0x00000000a0000000, 0x00000000b3e00000, 0x00000000e0000000)
  object space 325632K, 40% used [0x00000000a0000000,0x00000000a812b7e8,0x00000000b3e00000)
 Metaspace       used 84674K, capacity 89242K, committed 89304K, reserved 1126400K
  class space    used 11664K, capacity 12503K, committed 12544K, reserved 1048576K
}
Event: 712,947 GC heap before
{Heap before GC invocations=18 (full 4):
 PSYoungGen      total 458240K, used 458227K [0x00000000e0000000, 0x0000000100000000, 0x0000000100000000)
  eden space 392192K, 100% used [0x00000000e0000000,0x00000000f7f00000,0x00000000f7f00000)
  from space 66048K, 99% used [0x00000000f7f00000,0x00000000fbf7cc90,0x00000000fbf80000)
  to   space 66048K, 0% used [0x00000000fbf80000,0x00000000fbf80000,0x0000000100000000)
 ParOldGen       total 325632K, used 132269K [0x00000000a0000000, 0x00000000b3e00000, 0x00000000e0000000)
  object space 325632K, 40% used [0x00000000a0000000,0x00000000a812b7e8,0x00000000b3e00000)
 Metaspace       used 94345K, capacity 99126K, committed 99288K, reserved 1134592K
  class space    used 12602K, capacity 13475K, committed 13568K, reserved 1048576K
Event: 713,035 GC heap after
Heap after GC invocations=18 (full 4):
 PSYoungGen      total 440832K, used 15617K [0x00000000e0000000, 0x0000000100000000, 0x0000000100000000)
  eden space 374784K, 0% used [0x00000000e0000000,0x00000000e0000000,0x00000000f6e00000)
  from space 66048K, 23% used [0x00000000fbf80000,0x00000000fcec0690,0x0000000100000000)
  to   space 74752K, 0% used [0x00000000f6e00000,0x00000000f6e00000,0x00000000fb700000)
 ParOldGen       total 325632K, used 197533K [0x00000000a0000000, 0x00000000b3e00000, 0x00000000e0000000)
  object space 325632K, 60% used [0x00000000a0000000,0x00000000ac0e76d8,0x00000000b3e00000)
 Metaspace       used 94345K, capacity 99126K, committed 99288K, reserved 1134592K
  class space    used 12602K, capacity 13475K, committed 13568K, reserved 1048576K
}
Event: 718,093 GC heap before
{Heap before GC invocations=19 (full 4):
 PSYoungGen      total 440832K, used 390401K [0x00000000e0000000, 0x0000000100000000, 0x0000000100000000)
  eden space 374784K, 100% used [0x00000000e0000000,0x00000000f6e00000,0x00000000f6e00000)
  from space 66048K, 23% used [0x00000000fbf80000,0x00000000fcec0690,0x0000000100000000)
  to   space 74752K, 0% used [0x00000000f6e00000,0x00000000f6e00000,0x00000000fb700000)
 ParOldGen       total 325632K, used 197533K [0x00000000a0000000, 0x00000000b3e00000, 0x00000000e0000000)
  object space 325632K, 60% used [0x00000000a0000000,0x00000000ac0e76d8,0x00000000b3e00000)
 Metaspace       used 114107K, capacity 119154K, committed 119384K, reserved 1153024K
  class space    used 14786K, capacity 15713K, committed 15744K, reserved 1048576K
Event: 718,238 GC heap after
Heap after GC invocations=19 (full 4):
 PSYoungGen      total 449536K, used 74736K [0x00000000e0000000, 0x0000000100000000, 0x0000000100000000)
  eden space 374784K, 0% used [0x00000000e0000000,0x00000000e0000000,0x00000000f6e00000)
  from space 74752K, 99% used [0x00000000f6e00000,0x00000000fb6fc2b8,0x00000000fb700000)
  to   space 74752K, 0% used [0x00000000fb700000,0x00000000fb700000,0x0000000100000000)
 ParOldGen       total 325632K, used 211712K [0x00000000a0000000, 0x00000000b3e00000, 0x00000000e0000000)
  object space 325632K, 65% used [0x00000000a0000000,0x00000000acec0160,0x00000000b3e00000)
 Metaspace       used 114107K, capacity 119154K, committed 119384K, reserved 1153024K
  class space    used 14786K, capacity 15713K, committed 15744K, reserved 1048576K
}

