# JRE version: OpenJDK Runtime Environment (8.0_242) (build 1.8.0_242-release-1644-b3-6222593)
# Java VM: OpenJDK 64-Bit Server VM (25.242-b3-6222593 mixed mode linux-amd64 compressed oops)
Heap:
 PSYoungGen      total 408576K, used 408551K [0x00000000e0000000, 0x0000000100000000, 0x0000000100000000)
  eden space 355328K, 100% used [0x00000000e0000000,0x00000000f5b00000,0x00000000f5b00000)
  from space 53248K, 99% used [0x00000000fcc00000,0x00000000ffff9f88,0x0000000100000000)
  to   space 84480K, 0% used [0x00000000f5b00000,0x00000000f5bb9dd8,0x00000000fad80000)
 ParOldGen       total 337408K, used 230513K [0x00000000a0000000, 0x00000000b4980000, 0x00000000e0000000)
  object space 337408K, 68% used [0x00000000a0000000,0x00000000ae120488,0x00000000b4980000)
 Metaspace       used 109645K, capacity 114724K, committed 114752K, reserved 1148928K
  class space    used 14489K, capacity 15473K, committed 15488K, reserved 1048576K
GC Heap History (10 events):
Event: 19,890 GC heap after
Heap after GC invocations=14 (full 3):
 PSYoungGen      total 361472K, used 15695K [0x00000000e0000000, 0x00000000fb580000, 0x0000000100000000)
  eden space 336896K, 0% used [0x00000000e0000000,0x00000000e0000000,0x00000000f4900000)
  from space 24576K, 63% used [0x00000000f4900000,0x00000000f5853e50,0x00000000f6100000)
  to   space 24576K, 0% used [0x00000000f9d80000,0x00000000f9d80000,0x00000000fb580000)
 ParOldGen       total 170496K, used 55548K [0x00000000a0000000, 0x00000000aa680000, 0x00000000e0000000)
  object space 170496K, 32% used [0x00000000a0000000,0x00000000a363f328,0x00000000aa680000)
 Metaspace       used 74279K, capacity 77824K, committed 78040K, reserved 1116160K
  class space    used 10062K, capacity 10690K, committed 10752K, reserved 1048576K
}
Event: 24,926 GC heap before
{Heap before GC invocations=15 (full 3):
 PSYoungGen      total 361472K, used 307407K [0x00000000e0000000, 0x00000000fb580000, 0x0000000100000000)
  eden space 336896K, 86% used [0x00000000e0000000,0x00000000f1cdfe00,0x00000000f4900000)
  from space 24576K, 63% used [0x00000000f4900000,0x00000000f5853e50,0x00000000f6100000)
  to   space 24576K, 0% used [0x00000000f9d80000,0x00000000f9d80000,0x00000000fb580000)
 ParOldGen       total 170496K, used 55548K [0x00000000a0000000, 0x00000000aa680000, 0x00000000e0000000)
  object space 170496K, 32% used [0x00000000a0000000,0x00000000a363f328,0x00000000aa680000)
 Metaspace       used 94593K, capacity 98324K, committed 98496K, reserved 1134592K
  class space    used 12352K, capacity 13048K, committed 13056K, reserved 1048576K
Event: 25,028 GC heap after
Heap after GC invocations=15 (full 3):
 PSYoungGen      total 395776K, used 24567K [0x00000000e0000000, 0x00000000ff300000, 0x0000000100000000)
  eden space 371200K, 0% used [0x00000000e0000000,0x00000000e0000000,0x00000000f6a80000)
  from space 24576K, 99% used [0x00000000f9d80000,0x00000000fb57dc78,0x00000000fb580000)
  to   space 52224K, 0% used [0x00000000f6a80000,0x00000000f6a80000,0x00000000f9d80000)
 ParOldGen       total 170496K, used 121302K [0x00000000a0000000, 0x00000000aa680000, 0x00000000e0000000)
  object space 170496K, 71% used [0x00000000a0000000,0x00000000a7675888,0x00000000aa680000)
 Metaspace       used 94593K, capacity 98324K, committed 98496K, reserved 1134592K
  class space    used 12352K, capacity 13048K, committed 13056K, reserved 1048576K
}
Event: 25,028 GC heap before
{Heap before GC invocations=16 (full 4):
 PSYoungGen      total 395776K, used 24567K [0x00000000e0000000, 0x00000000ff300000, 0x0000000100000000)
  eden space 371200K, 0% used [0x00000000e0000000,0x00000000e0000000,0x00000000f6a80000)
  from space 24576K, 99% used [0x00000000f9d80000,0x00000000fb57dc78,0x00000000fb580000)
  to   space 52224K, 0% used [0x00000000f6a80000,0x00000000f6a80000,0x00000000f9d80000)
 ParOldGen       total 170496K, used 121302K [0x00000000a0000000, 0x00000000aa680000, 0x00000000e0000000)
  object space 170496K, 71% used [0x00000000a0000000,0x00000000a7675888,0x00000000aa680000)
 Metaspace       used 94593K, capacity 98324K, committed 98496K, reserved 1134592K
  class space    used 12352K, capacity 13048K, committed 13056K, reserved 1048576K
Event: 25,540 GC heap after
Heap after GC invocations=16 (full 4):
 PSYoungGen      total 395776K, used 0K [0x00000000e0000000, 0x00000000ff300000, 0x0000000100000000)
  eden space 371200K, 0% used [0x00000000e0000000,0x00000000e0000000,0x00000000f6a80000)
  from space 24576K, 0% used [0x00000000f9d80000,0x00000000f9d80000,0x00000000fb580000)
  to   space 52224K, 0% used [0x00000000f6a80000,0x00000000f6a80000,0x00000000f9d80000)
 ParOldGen       total 337408K, used 131479K [0x00000000a0000000, 0x00000000b4980000, 0x00000000e0000000)
  object space 337408K, 38% used [0x00000000a0000000,0x00000000a8065cb0,0x00000000b4980000)
 Metaspace       used 94537K, capacity 98158K, committed 98496K, reserved 1134592K
  class space    used 12336K, capacity 13019K, committed 13056K, reserved 1048576K
}
Event: 30,095 GC heap before
{Heap before GC invocations=17 (full 4):
 PSYoungGen      total 395776K, used 371200K [0x00000000e0000000, 0x00000000ff300000, 0x0000000100000000)
  eden space 371200K, 100% used [0x00000000e0000000,0x00000000f6a80000,0x00000000f6a80000)
  from space 24576K, 0% used [0x00000000f9d80000,0x00000000f9d80000,0x00000000fb580000)
  to   space 52224K, 0% used [0x00000000f6a80000,0x00000000f6a80000,0x00000000f9d80000)
 ParOldGen       total 337408K, used 131479K [0x00000000a0000000, 0x00000000b4980000, 0x00000000e0000000)
  object space 337408K, 38% used [0x00000000a0000000,0x00000000a8065cb0,0x00000000b4980000)
 Metaspace       used 99577K, capacity 103650K, committed 103872K, reserved 1138688K
  class space    used 12975K, capacity 13746K, committed 13824K, reserved 1048576K
Event: 30,130 GC heap after
Heap after GC invocations=17 (full 4):
 PSYoungGen      total 423424K, used 32265K [0x00000000e0000000, 0x0000000100000000, 0x0000000100000000)
  eden space 371200K, 0% used [0x00000000e0000000,0x00000000e0000000,0x00000000f6a80000)
  from space 52224K, 61% used [0x00000000f6a80000,0x00000000f8a02798,0x00000000f9d80000)
  to   space 53248K, 0% used [0x00000000fcc00000,0x00000000fcc00000,0x0000000100000000)
 ParOldGen       total 337408K, used 131487K [0x00000000a0000000, 0x00000000b4980000, 0x00000000e0000000)
  object space 337408K, 38% used [0x00000000a0000000,0x00000000a8067cb0,0x00000000b4980000)
 Metaspace       used 99577K, capacity 103650K, committed 103872K, reserved 1138688K
  class space    used 12975K, capacity 13746K, committed 13824K, reserved 1048576K
}
Event: 32,742 GC heap before
{Heap before GC invocations=18 (full 4):
 PSYoungGen      total 423424K, used 403465K [0x00000000e0000000, 0x0000000100000000, 0x0000000100000000)
  eden space 371200K, 100% used [0x00000000e0000000,0x00000000f6a80000,0x00000000f6a80000)
  from space 52224K, 61% used [0x00000000f6a80000,0x00000000f8a02798,0x00000000f9d80000)
  to   space 53248K, 0% used [0x00000000fcc00000,0x00000000fcc00000,0x0000000100000000)
 ParOldGen       total 337408K, used 131487K [0x00000000a0000000, 0x00000000b4980000, 0x00000000e0000000)
  object space 337408K, 38% used [0x00000000a0000000,0x00000000a8067cb0,0x00000000b4980000)
 Metaspace       used 108652K, capacity 113654K, committed 113984K, reserved 1148928K
  class space    used 14432K, capacity 15396K, committed 15488K, reserved 1048576K
Event: 32,873 GC heap after
Heap after GC invocations=18 (full 4):
 PSYoungGen      total 408576K, used 53223K [0x00000000e0000000, 0x0000000100000000, 0x0000000100000000)
  eden space 355328K, 0% used [0x00000000e0000000,0x00000000e0000000,0x00000000f5b00000)
  from space 53248K, 99% used [0x00000000fcc00000,0x00000000ffff9f88,0x0000000100000000)
  to   space 84480K, 0% used [0x00000000f5b00000,0x00000000f5b00000,0x00000000fad80000)
 ParOldGen       total 337408K, used 193211K [0x00000000a0000000, 0x00000000b4980000, 0x00000000e0000000)
  object space 337408K, 57% used [0x00000000a0000000,0x00000000abcaef70,0x00000000b4980000)
 Metaspace       used 108652K, capacity 113654K, committed 113984K, reserved 1148928K
  class space    used 14432K, capacity 15396K, committed 15488K, reserved 1048576K
}
Event: 38,038 GC heap before
{Heap before GC invocations=19 (full 4):
 PSYoungGen      total 408576K, used 408551K [0x00000000e0000000, 0x0000000100000000, 0x0000000100000000)
  eden space 355328K, 100% used [0x00000000e0000000,0x00000000f5b00000,0x00000000f5b00000)
  from space 53248K, 99% used [0x00000000fcc00000,0x00000000ffff9f88,0x0000000100000000)
  to   space 84480K, 0% used [0x00000000f5b00000,0x00000000f5b00000,0x00000000fad80000)
 ParOldGen       total 337408K, used 193211K [0x00000000a0000000, 0x00000000b4980000, 0x00000000e0000000)
  object space 337408K, 57% used [0x00000000a0000000,0x00000000abcaef70,0x00000000b4980000)
 Metaspace       used 109645K, capacity 114724K, committed 114752K, reserved 1148928K
  class space    used 14489K, capacity 15473K, committed 15488K, reserved 1048576K

