# JRE version: OpenJDK Runtime Environment (8.0_242) (build 1.8.0_242-release-1644-b3-6222593)
# Java VM: OpenJDK 64-Bit Server VM (25.242-b3-6222593 mixed mode linux-amd64 compressed oops)
Heap:
 PSYoungGen      total 328192K, used 17495K [0x00000000e0000000, 0x00000000ff500000, 0x0000000100000000)
  eden space 310272K, 0% used [0x00000000e0000000,0x00000000e0000000,0x00000000f2f00000)
  from space 17920K, 97% used [0x00000000f2f00000,0x00000000f4015fb8,0x00000000f4080000)
  to   space 101376K, 0% used [0x00000000f9200000,0x00000000f9200000,0x00000000ff500000)
 ParOldGen       total 443392K, used 411941K [0x00000000a0000000, 0x00000000bb100000, 0x00000000e0000000)
  object space 443392K, 92% used [0x00000000a0000000,0x00000000b92494f8,0x00000000bb100000)
 Metaspace       used 162720K, capacity 170724K, committed 170840K, reserved 1198080K
  class space    used 20322K, capacity 21887K, committed 21888K, reserved 1048576K
GC Heap History (10 events):
Event: 1391,232 GC heap after
Heap after GC invocations=44 (full 5):
 PSYoungGen      total 420864K, used 28360K [0x00000000e0000000, 0x0000000100000000, 0x0000000100000000)
  eden space 317440K, 0% used [0x00000000e0000000,0x00000000e0000000,0x00000000f3600000)
  from space 103424K, 27% used [0x00000000f3600000,0x00000000f51b23c8,0x00000000f9b00000)
  to   space 96768K, 0% used [0x00000000fa180000,0x00000000fa180000,0x0000000100000000)
 ParOldGen       total 443392K, used 364452K [0x00000000a0000000, 0x00000000bb100000, 0x00000000e0000000)
  object space 443392K, 82% used [0x00000000a0000000,0x00000000b63e9268,0x00000000bb100000)
 Metaspace       used 161040K, capacity 168844K, committed 169176K, reserved 1196032K
  class space    used 20119K, capacity 21663K, committed 21760K, reserved 1048576K
}
Event: 1392,750 GC heap before
{Heap before GC invocations=45 (full 5):
 PSYoungGen      total 420864K, used 345800K [0x00000000e0000000, 0x0000000100000000, 0x0000000100000000)
  eden space 317440K, 100% used [0x00000000e0000000,0x00000000f3600000,0x00000000f3600000)
  from space 103424K, 27% used [0x00000000f3600000,0x00000000f51b23c8,0x00000000f9b00000)
  to   space 96768K, 0% used [0x00000000fa180000,0x00000000fa180000,0x0000000100000000)
 ParOldGen       total 443392K, used 364452K [0x00000000a0000000, 0x00000000bb100000, 0x00000000e0000000)
  object space 443392K, 82% used [0x00000000a0000000,0x00000000b63e9268,0x00000000bb100000)
 Metaspace       used 161269K, capacity 169070K, committed 169176K, reserved 1196032K
  class space    used 20148K, capacity 21710K, committed 21760K, reserved 1048576K
Event: 1392,796 GC heap after
Heap after GC invocations=45 (full 5):
 PSYoungGen      total 408064K, used 39551K [0x00000000e0000000, 0x00000000ff380000, 0x0000000100000000)
  eden space 324096K, 0% used [0x00000000e0000000,0x00000000e0000000,0x00000000f3c80000)
  from space 83968K, 47% used [0x00000000fa180000,0x00000000fc81ff78,0x00000000ff380000)
  to   space 93696K, 0% used [0x00000000f3c80000,0x00000000f3c80000,0x00000000f9800000)
 ParOldGen       total 443392K, used 372786K [0x00000000a0000000, 0x00000000bb100000, 0x00000000e0000000)
  object space 443392K, 84% used [0x00000000a0000000,0x00000000b6c0cb80,0x00000000bb100000)
 Metaspace       used 161269K, capacity 169070K, committed 169176K, reserved 1196032K
  class space    used 20148K, capacity 21710K, committed 21760K, reserved 1048576K
}
Event: 1396,106 GC heap before
{Heap before GC invocations=46 (full 5):
 PSYoungGen      total 408064K, used 363647K [0x00000000e0000000, 0x00000000ff380000, 0x0000000100000000)
  eden space 324096K, 100% used [0x00000000e0000000,0x00000000f3c80000,0x00000000f3c80000)
  from space 83968K, 47% used [0x00000000fa180000,0x00000000fc81ff78,0x00000000ff380000)
  to   space 93696K, 0% used [0x00000000f3c80000,0x00000000f3c80000,0x00000000f9800000)
 ParOldGen       total 443392K, used 372786K [0x00000000a0000000, 0x00000000bb100000, 0x00000000e0000000)
  object space 443392K, 84% used [0x00000000a0000000,0x00000000b6c0cb80,0x00000000bb100000)
 Metaspace       used 161294K, capacity 169134K, committed 169432K, reserved 1198080K
  class space    used 20148K, capacity 21710K, committed 21760K, reserved 1048576K
Event: 1396,273 GC heap after
Heap after GC invocations=46 (full 5):
 PSYoungGen      total 415744K, used 91425K [0x00000000e0000000, 0x0000000100000000, 0x0000000100000000)
  eden space 324096K, 0% used [0x00000000e0000000,0x00000000e0000000,0x00000000f3c80000)
  from space 91648K, 99% used [0x00000000f3c80000,0x00000000f95c86c8,0x00000000f9600000)
  to   space 108544K, 0% used [0x00000000f9600000,0x00000000f9600000,0x0000000100000000)
 ParOldGen       total 443392K, used 396746K [0x00000000a0000000, 0x00000000bb100000, 0x00000000e0000000)
  object space 443392K, 89% used [0x00000000a0000000,0x00000000b8372b08,0x00000000bb100000)
 Metaspace       used 161294K, capacity 169134K, committed 169432K, reserved 1198080K
  class space    used 20148K, capacity 21710K, committed 21760K, reserved 1048576K
}
Event: 1650,382 GC heap before
{Heap before GC invocations=47 (full 5):
 PSYoungGen      total 415744K, used 415521K [0x00000000e0000000, 0x0000000100000000, 0x0000000100000000)
  eden space 324096K, 100% used [0x00000000e0000000,0x00000000f3c80000,0x00000000f3c80000)
  from space 91648K, 99% used [0x00000000f3c80000,0x00000000f95c86c8,0x00000000f9600000)
  to   space 108544K, 0% used [0x00000000f9600000,0x00000000f9600000,0x0000000100000000)
 ParOldGen       total 443392K, used 396746K [0x00000000a0000000, 0x00000000bb100000, 0x00000000e0000000)
  object space 443392K, 89% used [0x00000000a0000000,0x00000000b8372b08,0x00000000bb100000)
 Metaspace       used 162560K, capacity 170526K, committed 170584K, reserved 1198080K
  class space    used 20308K, capacity 21876K, committed 21888K, reserved 1048576K
Event: 1650,429 GC heap after
Heap after GC invocations=47 (full 5):
 PSYoungGen      total 418816K, used 19747K [0x00000000e0000000, 0x0000000100000000, 0x0000000100000000)
  eden space 310272K, 0% used [0x00000000e0000000,0x00000000e0000000,0x00000000f2f00000)
  from space 108544K, 18% used [0x00000000f9600000,0x00000000fa948d30,0x0000000100000000)
  to   space 105472K, 0% used [0x00000000f2f00000,0x00000000f2f00000,0x00000000f9600000)
 ParOldGen       total 443392K, used 404606K [0x00000000a0000000, 0x00000000bb100000, 0x00000000e0000000)
  object space 443392K, 91% used [0x00000000a0000000,0x00000000b8b1fbf8,0x00000000bb100000)
 Metaspace       used 162560K, capacity 170526K, committed 170584K, reserved 1198080K
  class space    used 20308K, capacity 21876K, committed 21888K, reserved 1048576K
}
Event: 1654,412 GC heap before
{Heap before GC invocations=48 (full 5):
 PSYoungGen      total 418816K, used 330019K [0x00000000e0000000, 0x0000000100000000, 0x0000000100000000)
  eden space 310272K, 100% used [0x00000000e0000000,0x00000000f2f00000,0x00000000f2f00000)
  from space 108544K, 18% used [0x00000000f9600000,0x00000000fa948d30,0x0000000100000000)
  to   space 105472K, 0% used [0x00000000f2f00000,0x00000000f2f00000,0x00000000f9600000)
 ParOldGen       total 443392K, used 404606K [0x00000000a0000000, 0x00000000bb100000, 0x00000000e0000000)
  object space 443392K, 91% used [0x00000000a0000000,0x00000000b8b1fbf8,0x00000000bb100000)
 Metaspace       used 162720K, capacity 170724K, committed 170840K, reserved 1198080K
  class space    used 20322K, capacity 21887K, committed 21888K, reserved 1048576K
Event: 1654,442 GC heap after
Heap after GC invocations=48 (full 5):
 PSYoungGen      total 328192K, used 17495K [0x00000000e0000000, 0x00000000ff500000, 0x0000000100000000)
  eden space 310272K, 0% used [0x00000000e0000000,0x00000000e0000000,0x00000000f2f00000)
  from space 17920K, 97% used [0x00000000f2f00000,0x00000000f4015fb8,0x00000000f4080000)
  to   space 101376K, 0% used [0x00000000f9200000,0x00000000f9200000,0x00000000ff500000)
 ParOldGen       total 443392K, used 411941K [0x00000000a0000000, 0x00000000bb100000, 0x00000000e0000000)
  object space 443392K, 92% used [0x00000000a0000000,0x00000000b92494f8,0x00000000bb100000)
 Metaspace       used 162720K, capacity 170724K, committed 170840K, reserved 1198080K
  class space    used 20322K, capacity 21887K, committed 21888K, reserved 1048576K
}
Event: 1654,442 GC heap before
{Heap before GC invocations=49 (full 6):
 PSYoungGen      total 328192K, used 17495K [0x00000000e0000000, 0x00000000ff500000, 0x0000000100000000)
  eden space 310272K, 0% used [0x00000000e0000000,0x00000000e0000000,0x00000000f2f00000)
  from space 17920K, 97% used [0x00000000f2f00000,0x00000000f4015fb8,0x00000000f4080000)
  to   space 101376K, 0% used [0x00000000f9200000,0x00000000f9200000,0x00000000ff500000)
 ParOldGen       total 443392K, used 411941K [0x00000000a0000000, 0x00000000bb100000, 0x00000000e0000000)
  object space 443392K, 92% used [0x00000000a0000000,0x00000000b92494f8,0x00000000bb100000)
 Metaspace       used 162720K, capacity 170724K, committed 170840K, reserved 1198080K
  class space    used 20322K, capacity 21887K, committed 21888K, reserved 1048576K

